#
# A fatal error has been detected by the Java Runtime Environment:
#
#  SIGSEGV (0xb) at pc=0x00000001016416b8, pid=49023, tid=0x0000000000004d03
#
# JRE version: OpenJDK Runtime Environment (8.0_112-b05) (build 1.8.0_112-release-b05)
# Java VM: OpenJDK 64-Bit Server VM (25.112-b05 mixed mode bsd-amd64 compressed oops)
# Problematic frame:
# V  [libjvm.dylib+0x4416b8]
#
# Failed to write core dump. Core dumps have been disabled. To enable core dumping, try "ulimit -c unlimited" before starting Java again
#
# If you would like to submit a bug report, please visit:
#   http://bugreport.java.com/bugreport/crash.jsp
#

---------------  T H R E A D  ---------------

Current thread (0x00007fb133822800):  JavaThread "C2 CompilerThread1" daemon [_thread_in_native, id=19715, stack(0x000070000563e000,0x000070000573e000)]

siginfo: si_signo: 11 (SIGSEGV), si_code: 1 (SEGV_MAPERR), si_addr: 0x00007fa1384765b0

Registers:
RAX=0x0000000000000000, RBX=0x0000000000000004, RCX=0x0000000000000004, RDX=0x00007fa1384765b0
RSP=0x0000700005736d20, RBP=0x0000700005736d30, RSI=0x00007fb138476580, RDI=0x00007fb138476580
R8 =0x0000000000000001, R9 =0x0000000000000000, R10=0x0000000000000001, R11=0x0000000000000001
R12=0x00000001017da103, R13=0x000070000573cf88, R14=0x000070000573b7b0, R15=0x000070000573b7b0
RIP=0x00000001016416b8, EFLAGS=0x0000000000010246, ERR=0x0000000000000004
  TRAPNO=0x000000000000000e

Top of Stack: (sp=0x0000700005736d20)
0x0000700005736d20:   00007fb1384766d0 00007fb138476580
0x0000700005736d30:   0000700005736d50 0000000101683d72
0x0000700005736d40:   00007fb138476580 000070000573ae28
0x0000700005736d50:   0000700005736d90 000000010168591b
0x0000700005736d60:   0000700005736d90 0000000000000e82
0x0000700005736d70:   00000001017da103 000070000573cf88
0x0000700005736d80:   000070000573ae28 000070000573b828
0x0000700005736d90:   0000700005736dd0 0000000101685469
0x0000700005736da0:   00007fb137195818 0000700005736e30
0x0000700005736db0:   0000000102b5db20 0000000000000000
0x0000700005736dc0:   0000000101a8c490 00007fb13634f950
0x0000700005736dd0:   0000700005736e20 00000001015c51bf
0x0000700005736de0:   0000700005736e20 0000000000000000
0x0000700005736df0:   0000700005736e30 000070000573cf88
0x0000700005736e00:   000070000573ae28 0000000000000000
0x0000700005736e10:   0000700005736e30 00007000057378a8
0x0000700005736e20:   000070000573c350 00000001013abc28
0x0000700005736e30:   000000000000000f 000070000573cf88
0x0000700005736e40:   000070000573ae28 00007fb13634fbf0
0x0000700005736e50:   00007fb13634fd78 00007fb1363501c0
0x0000700005736e60:   00007fb13634fcd0 00007fb13634fde0
0x0000700005736e70:   00007fb136350160 00007fb13634fc70
0x0000700005736e80:   00007fb136350260 0000000000000001
0x0000700005736e90:   00000001019cd160 000000000000000e
0x0000700005736ea0:   000070000573cf88 00007fb13341cd30
0x0000700005736eb0:   00007fb13341cd30 0000000000004000
0x0000700005736ec0:   00000001191a6010 0000000000000000
0x0000700005736ed0:   00007fb13341cd30 0000000000004000
0x0000700005736ee0:   000000011a52e010 0000000000000000
0x0000700005736ef0:   0000000000000000 0000000000000000
0x0000700005736f00:   0000000000000000 0000000000000000
0x0000700005736f10:   0000000000000000 0000000000000000 

Instructions: (pc=0x00000001016416b8)
0x0000000101641698:   75 04 31 c0 eb 28 8d 43 ff 48 ff c0 83 fb 01 b9
0x00000001016416a8:   01 00 00 00 48 0f 47 c8 48 8b 57 08 31 c0 01 c0
0x00000001016416b8:   2b 02 48 83 c2 08 48 ff c9 75 f3 c1 e8 02 01 c3
0x00000001016416c8:   48 8b 07 ff 10 01 d8 48 83 c4 08 5b 5d c3 55 48 

Register to memory mapping:

RAX=0x0000000000000000 is an unknown value
RBX=0x0000000000000004 is an unknown value
RCX=0x0000000000000004 is an unknown value
RDX=0x00007fa1384765b0 is an unknown value
RSP=0x0000700005736d20 is pointing into the stack for thread: 0x00007fb133822800
RBP=0x0000700005736d30 is pointing into the stack for thread: 0x00007fb133822800
RSI=0x00007fb138476580 is an unknown value
RDI=0x00007fb138476580 is an unknown value
R8 =0x0000000000000001 is an unknown value
R9 =0x0000000000000000 is an unknown value
R10=0x0000000000000001 is an unknown value
R11=0x0000000000000001 is an unknown value
R12=0x00000001017da103: PERFDATA_NAME+0x226 in /Applications/Android Studio.app/Contents/jre/jdk/Contents/Home/jre/lib/server/libjvm.dylib at 0x0000000101200000
R13=0x000070000573cf88 is pointing into the stack for thread: 0x00007fb133822800
R14=0x000070000573b7b0 is pointing into the stack for thread: 0x00007fb133822800
R15=0x000070000573b7b0 is pointing into the stack for thread: 0x00007fb133822800


Stack: [0x000070000563e000,0x000070000573e000],  sp=0x0000700005736d20,  free space=995k
Native frames: (J=compiled Java code, j=interpreted, Vv=VM code, C=native code)
V  [libjvm.dylib+0x4416b8]
V  [libjvm.dylib+0x483d72]
V  [libjvm.dylib+0x48591b]
V  [libjvm.dylib+0x485469]
V  [libjvm.dylib+0x3c51bf]
V  [libjvm.dylib+0x1abc28]
V  [libjvm.dylib+0x1aea4b]
V  [libjvm.dylib+0x14f20a]
V  [libjvm.dylib+0x1b19fe]
V  [libjvm.dylib+0x1b3f45]
V  [libjvm.dylib+0x53912d]
V  [libjvm.dylib+0x53a7e4]
V  [libjvm.dylib+0x45bf0a]
C  [libsystem_pthread.dylib+0x3aab]  _pthread_body+0xb4
C  [libsystem_pthread.dylib+0x39f7]  _pthread_body+0x0
C  [libsystem_pthread.dylib+0x31fd]  thread_start+0xd
C  0x0000000000000000


Current CompileTask:
C2:  39168 8635       4       org.apache.ivy.core.IvyPatternHelper::substituteVariables (213 bytes)


---------------  P R O C E S S  ---------------

Java Threads: ( => current thread )
  0x00007fb133b1b800 JavaThread "Stdin handler" [_thread_blocked, id=25863, stack(0x0000700006262000,0x0000700006362000)]
  0x00007fb13ab92000 JavaThread "Asynchronous log dispatcher for org.gradle.launcher.daemon.server.DefaultDaemonConnection@58baece5" [_thread_blocked, id=25351, stack(0x000070000615f000,0x000070000625f000)]
  0x00007fb1341f6800 JavaThread "Cancel handler" [_thread_blocked, id=24327, stack(0x0000700005f59000,0x0000700006059000)]
  0x00007fb13aaaa000 JavaThread "Handler for socket connection from /127.0.0.1:59683 to /127.0.0.1:60248" [_thread_in_native, id=23815, stack(0x0000700005e56000,0x0000700005f56000)]
  0x00007fb13a163800 JavaThread "pool-4-thread-1" [_thread_blocked, id=4103, stack(0x0000700006596000,0x0000700006696000)]
  0x00007fb138308000 JavaThread "File lock request listener" [_thread_in_native, id=26883, stack(0x0000700006390000,0x0000700006490000)]
  0x00007fb1396d4800 JavaThread "process reaper" daemon [_thread_blocked, id=26371, stack(0x0000700006365000,0x000070000638d000)]
  0x00007fb134c2c800 JavaThread "Daemon worker" [_thread_in_Java, id=24835, stack(0x000070000605c000,0x000070000615c000)]
  0x00007fb133b68000 JavaThread "Daemon" [_thread_blocked, id=23299, stack(0x0000700005d53000,0x0000700005e53000)]
  0x00007fb1343c6800 JavaThread "pool-1-thread-1" [_thread_blocked, id=22787, stack(0x0000700005c50000,0x0000700005d50000)]
  0x00007fb13537d800 JavaThread "Incoming local TCP Connector on port 59683" [_thread_in_native, id=22275, stack(0x0000700005b4d000,0x0000700005c4d000)]
  0x00007fb13381e000 JavaThread "Service Thread" daemon [_thread_blocked, id=21251, stack(0x0000700005947000,0x0000700005a47000)]
  0x00007fb133824000 JavaThread "C1 CompilerThread3" daemon [_thread_blocked, id=20739, stack(0x0000700005844000,0x0000700005944000)]
  0x00007fb133823800 JavaThread "C2 CompilerThread2" daemon [_thread_in_native, id=20227, stack(0x0000700005741000,0x0000700005841000)]
=>0x00007fb133822800 JavaThread "C2 CompilerThread1" daemon [_thread_in_native, id=19715, stack(0x000070000563e000,0x000070000573e000)]
  0x00007fb133821000 JavaThread "C2 CompilerThread0" daemon [_thread_in_native, id=19203, stack(0x000070000553b000,0x000070000563b000)]
  0x00007fb13381d800 JavaThread "Signal Dispatcher" daemon [_thread_blocked, id=18691, stack(0x0000700005438000,0x0000700005538000)]
  0x00007fb134813800 JavaThread "Finalizer" daemon [_thread_blocked, id=14595, stack(0x0000700005335000,0x0000700005435000)]
  0x00007fb134810800 JavaThread "Reference Handler" daemon [_thread_blocked, id=14083, stack(0x0000700005232000,0x0000700005332000)]
  0x00007fb133808800 JavaThread "main" [_thread_blocked, id=7171, stack(0x0000700004814000,0x0000700004914000)]

Other Threads:
  0x00007fb133817000 VMThread [stack: 0x000070000512f000,0x000070000522f000] [id=13571]
  0x00007fb133853800 WatcherThread [stack: 0x0000700005a4a000,0x0000700005b4a000] [id=21763]

VM state:not at safepoint (normal execution)

VM Mutex/Monitor currently owned by a thread: None

Heap:
 PSYoungGen      total 378368K, used 109948K [0x00000007a0000000, 0x00000007be980000, 0x00000007c0000000)
  eden space 352768K, 31% used [0x00000007a0000000,0x00000007a6b5f0c8,0x00000007b5880000)
  from space 25600K, 0% used [0x00000007b5880000,0x00000007b5880000,0x00000007b7180000)
  to   space 26112K, 0% used [0x00000007bd000000,0x00000007bd000000,0x00000007be980000)
 ParOldGen       total 177664K, used 32406K [0x0000000760000000, 0x000000076ad80000, 0x00000007a0000000)
  object space 177664K, 18% used [0x0000000760000000,0x0000000761fa5a58,0x000000076ad80000)
 Metaspace       used 59518K, capacity 61034K, committed 61184K, reserved 1101824K
  class space    used 7786K, capacity 8105K, committed 8192K, reserved 1048576K

Card table byte_map: [0x00000001020b6000,0x00000001023b7000] byte_map_base: 0x00000000fe5b6000

Marking Bits: (ParMarkBitMap*) 0x0000000101a8bed0
 Begin Bits: [0x0000000111a5c000, 0x000000011325c000)
 End Bits:   [0x000000011325c000, 0x0000000114a5c000)

Polling page: 0x0000000100186000

CodeCache: size=245760Kb used=25535Kb max_used=25623Kb free=220224Kb
 bounds [0x0000000102a5c000, 0x000000010438c000, 0x0000000111a5c000]
 total_blobs=8295 nmethods=7559 adapters=649
 compilation: enabled

Compilation events (10 events):
Event: 39.132 Thread 0x00007fb133824000 nmethod 8788 0x000000010346dc10 code [0x000000010346dda0, 0x000000010346e268]
Event: 39.132 Thread 0x00007fb133824000 8790   !   3       sun.reflect.GeneratedMethodAccessor4::invoke (96 bytes)
Event: 39.133 Thread 0x00007fb133824000 nmethod 8790 0x0000000102f22790 code [0x0000000102f229c0, 0x0000000102f23508]
Event: 39.133 Thread 0x00007fb133824000 8786       3       org.gradle.api.internal.collections.CollectionEventRegister::<init> (19 bytes)
Event: 39.133 Thread 0x00007fb133824000 nmethod 8786 0x00000001032618d0 code [0x0000000103261ac0, 0x0000000103262330]
Event: 39.133 Thread 0x00007fb133824000 8791       1       com.android.build.gradle.internal.api.DefaultAndroidSourceSet::getName (5 bytes)
Event: 39.133 Thread 0x00007fb133824000 nmethod 8791 0x0000000103a27fd0 code [0x0000000103a28120, 0x0000000103a28230]
Event: 39.133 Thread 0x00007fb133824000 8787       3       org.gradle.internal.service.DefaultServiceRegistry$FactoryService::create (18 bytes)
Event: 39.134 Thread 0x00007fb133824000 nmethod 8787 0x0000000103fea310 code [0x0000000103fea480, 0x0000000103fea6f8]
Event: 39.134 Thread 0x00007fb133824000 8789   !   3       org.gradle.internal.service.DefaultServiceRegistry$FactoryMethodService::invokeMethod (141 bytes)

GC Heap History (10 events):
Event: 11.424 GC heap before
{Heap before GC invocations=9 (full 2):
 PSYoungGen      total 242176K, used 228864K [0x00000007a0000000, 0x00000007afe80000, 0x00000007c0000000)
  eden space 228864K, 100% used [0x00000007a0000000,0x00000007adf80000,0x00000007adf80000)
  from space 13312K, 0% used [0x00000007aec80000,0x00000007aec80000,0x00000007af980000)
  to   space 13312K, 0% used [0x00000007adf80000,0x00000007adf80000,0x00000007aec80000)
 ParOldGen       total 118272K, used 16930K [0x0000000760000000, 0x0000000767380000, 0x00000007a0000000)
  object space 118272K, 14% used [0x0000000760000000,0x0000000761088b80,0x0000000767380000)
 Metaspace       used 52676K, capacity 53976K, committed 54016K, reserved 1095680K
  class space    used 7100K, capacity 7404K, committed 7424K, reserved 1048576K
Event: 11.448 GC heap after
Heap after GC invocations=9 (full 2):
 PSYoungGen      total 242176K, used 13301K [0x00000007a0000000, 0x00000007b8a80000, 0x00000007c0000000)
  eden space 228864K, 0% used [0x00000007a0000000,0x00000007a0000000,0x00000007adf80000)
  from space 13312K, 99% used [0x00000007adf80000,0x00000007aec7d518,0x00000007aec80000)
  to   space 21504K, 0% used [0x00000007b7580000,0x00000007b7580000,0x00000007b8a80000)
 ParOldGen       total 118272K, used 30501K [0x0000000760000000, 0x0000000767380000, 0x00000007a0000000)
  object space 118272K, 25% used [0x0000000760000000,0x0000000761dc9650,0x0000000767380000)
 Metaspace       used 52676K, capacity 53976K, committed 54016K, reserved 1095680K
  class space    used 7100K, capacity 7404K, committed 7424K, reserved 1048576K
}
Event: 13.327 GC heap before
{Heap before GC invocations=10 (full 2):
 PSYoungGen      total 242176K, used 154457K [0x00000007a0000000, 0x00000007b8a80000, 0x00000007c0000000)
  eden space 228864K, 61% used [0x00000007a0000000,0x00000007a89d9188,0x00000007adf80000)
  from space 13312K, 99% used [0x00000007adf80000,0x00000007aec7d518,0x00000007aec80000)
  to   space 21504K, 0% used [0x00000007b7580000,0x00000007b7580000,0x00000007b8a80000)
 ParOldGen       total 118272K, used 30501K [0x0000000760000000, 0x0000000767380000, 0x00000007a0000000)
  object space 118272K, 25% used [0x0000000760000000,0x0000000761dc9650,0x0000000767380000)
 Metaspace       used 57730K, capacity 59120K, committed 59136K, reserved 1099776K
  class space    used 7607K, capacity 7926K, committed 7936K, reserved 1048576K
Event: 13.350 GC heap after
Heap after GC invocations=10 (full 2):
 PSYoungGen      total 373760K, used 21495K [0x00000007a0000000, 0x00000007b8a80000, 0x00000007c0000000)
  eden space 352256K, 0% used [0x00000007a0000000,0x00000007a0000000,0x00000007b5800000)
  from space 21504K, 99% used [0x00000007b7580000,0x00000007b8a7dc88,0x00000007b8a80000)
  to   space 25600K, 0% used [0x00000007b5880000,0x00000007b5880000,0x00000007b7180000)
 ParOldGen       total 118272K, used 31706K [0x0000000760000000, 0x0000000767380000, 0x00000007a0000000)
  object space 118272K, 26% used [0x0000000760000000,0x0000000761ef6a48,0x0000000767380000)
 Metaspace       used 57730K, capacity 59120K, committed 59136K, reserved 1099776K
  class space    used 7607K, capacity 7926K, committed 7936K, reserved 1048576K
}
Event: 13.350 GC heap before
{Heap before GC invocations=11 (full 3):
 PSYoungGen      total 373760K, used 21495K [0x00000007a0000000, 0x00000007b8a80000, 0x00000007c0000000)
  eden space 352256K, 0% used [0x00000007a0000000,0x00000007a0000000,0x00000007b5800000)
  from space 21504K, 99% used [0x00000007b7580000,0x00000007b8a7dc88,0x00000007b8a80000)
  to   space 25600K, 0% used [0x00000007b5880000,0x00000007b5880000,0x00000007b7180000)
 ParOldGen       total 118272K, used 31706K [0x0000000760000000, 0x0000000767380000, 0x00000007a0000000)
  object space 118272K, 26% used [0x0000000760000000,0x0000000761ef6a48,0x0000000767380000)
 Metaspace       used 57730K, capacity 59120K, committed 59136K, reserved 1099776K
  class space    used 7607K, capacity 7926K, committed 7936K, reserved 1048576K
Event: 13.584 GC heap after
Heap after GC invocations=11 (full 3):
 PSYoungGen      total 373760K, used 0K [0x00000007a0000000, 0x00000007b8a80000, 0x00000007c0000000)
  eden space 352256K, 0% used [0x00000007a0000000,0x00000007a0000000,0x00000007b5800000)
  from space 21504K, 0% used [0x00000007b7580000,0x00000007b7580000,0x00000007b8a80000)
  to   space 25600K, 0% used [0x00000007b5880000,0x00000007b5880000,0x00000007b7180000)
 ParOldGen       total 177664K, used 37863K [0x0000000760000000, 0x000000076ad80000, 0x00000007a0000000)
  object space 177664K, 21% used [0x0000000760000000,0x00000007624f9d18,0x000000076ad80000)
 Metaspace       used 57730K, capacity 59120K, committed 59136K, reserved 1099776K
  class space    used 7607K, capacity 7926K, committed 7936K, reserved 1048576K
}
Event: 13.758 GC heap before
{Heap before GC invocations=12 (full 3):
 PSYoungGen      total 373760K, used 18423K [0x00000007a0000000, 0x00000007b8a80000, 0x00000007c0000000)
  eden space 352256K, 5% used [0x00000007a0000000,0x00000007a11fde00,0x00000007b5800000)
  from space 21504K, 0% used [0x00000007b7580000,0x00000007b7580000,0x00000007b8a80000)
  to   space 25600K, 0% used [0x00000007b5880000,0x00000007b5880000,0x00000007b7180000)
 ParOldGen       total 177664K, used 37863K [0x0000000760000000, 0x000000076ad80000, 0x00000007a0000000)
  object space 177664K, 21% used [0x0000000760000000,0x00000007624f9d18,0x000000076ad80000)
 Metaspace       used 59182K, capacity 60694K, committed 60928K, reserved 1101824K
  class space    used 7771K, capacity 8087K, committed 8192K, reserved 1048576K
Event: 13.761 GC heap after
Heap after GC invocations=12 (full 3):
 PSYoungGen      total 378368K, used 1517K [0x00000007a0000000, 0x00000007be980000, 0x00000007c0000000)
  eden space 352768K, 0% used [0x00000007a0000000,0x00000007a0000000,0x00000007b5880000)
  from space 25600K, 5% used [0x00000007b5880000,0x00000007b59fb410,0x00000007b7180000)
  to   space 26112K, 0% used [0x00000007bd000000,0x00000007bd000000,0x00000007be980000)
 ParOldGen       total 177664K, used 37863K [0x0000000760000000, 0x000000076ad80000, 0x00000007a0000000)
  object space 177664K, 21% used [0x0000000760000000,0x00000007624f9d18,0x000000076ad80000)
 Metaspace       used 59182K, capacity 60694K, committed 60928K, reserved 1101824K
  class space    used 7771K, capacity 8087K, committed 8192K, reserved 1048576K
}
Event: 13.761 GC heap before
{Heap before GC invocations=13 (full 4):
 PSYoungGen      total 378368K, used 1517K [0x00000007a0000000, 0x00000007be980000, 0x00000007c0000000)
  eden space 352768K, 0% used [0x00000007a0000000,0x00000007a0000000,0x00000007b5880000)
  from space 25600K, 5% used [0x00000007b5880000,0x00000007b59fb410,0x00000007b7180000)
  to   space 26112K, 0% used [0x00000007bd000000,0x00000007bd000000,0x00000007be980000)
 ParOldGen       total 177664K, used 37863K [0x0000000760000000, 0x000000076ad80000, 0x00000007a0000000)
  object space 177664K, 21% used [0x0000000760000000,0x00000007624f9d18,0x000000076ad80000)
 Metaspace       used 59182K, capacity 60694K, committed 60928K, reserved 1101824K
  class space    used 7771K, capacity 8087K, committed 8192K, reserved 1048576K
Event: 13.968 GC heap after
Heap after GC invocations=13 (full 4):
 PSYoungGen      total 378368K, used 0K [0x00000007a0000000, 0x00000007be980000, 0x00000007c0000000)
  eden space 352768K, 0% used [0x00000007a0000000,0x00000007a0000000,0x00000007b5880000)
  from space 25600K, 0% used [0x00000007b5880000,0x00000007b5880000,0x00000007b7180000)
  to   space 26112K, 0% used [0x00000007bd000000,0x00000007bd000000,0x00000007be980000)
 ParOldGen       total 177664K, used 32406K [0x0000000760000000, 0x000000076ad80000, 0x00000007a0000000)
  object space 177664K, 18% used [0x0000000760000000,0x0000000761fa5a58,0x000000076ad80000)
 Metaspace       used 59182K, capacity 60694K, committed 60928K, reserved 1101824K
  class space    used 7771K, capacity 8087K, committed 8192K, reserved 1048576K
}

Deoptimization events (10 events):
Event: 38.579 Thread 0x00007fb134c2c800 Uncommon trap: reason=unstable_if action=reinterpret pc=0x0000000103c04020 method=org.objectweb.asm.MethodWriter.visitVarInsn(II)V @ 15
Event: 38.588 Thread 0x00007fb134c2c800 Uncommon trap: reason=bimorphic action=maybe_recompile pc=0x0000000103ec9d48 method=com.esotericsoftware.kryo.io.Input.fill([BII)I @ 16
Event: 38.642 Thread 0x00007fb134c2c800 Uncommon trap: reason=predicate action=maybe_recompile pc=0x0000000103f89d28 method=java.util.ComparableTimSort.binarySort([Ljava/lang/Object;III)V @ 37
Event: 38.657 Thread 0x00007fb134c2c800 Uncommon trap: reason=unstable_if action=reinterpret pc=0x0000000103e9ec5c method=com.google.common.collect.MapMakerInternalMap$Segment.getEntry(Ljava/lang/Object;I)Lcom/google/common/collect/MapMakerInternalMap$ReferenceEntry; @ 40
Event: 38.657 Thread 0x00007fb134c2c800 Uncommon trap: reason=unstable_if action=reinterpret pc=0x0000000103e2a394 method=com.google.common.collect.MapMakerInternalMap$Segment.getEntry(Ljava/lang/Object;I)Lcom/google/common/collect/MapMakerInternalMap$ReferenceEntry; @ 40
Event: 38.657 Thread 0x00007fb134c2c800 Uncommon trap: reason=class_check action=maybe_recompile pc=0x0000000104005280 method=com.google.common.cache.LocalCache$Segment.getFirst(I)Lcom/google/common/cache/LocalCache$ReferenceEntry; @ 17
Event: 38.659 Thread 0x00007fb134c2c800 Uncommon trap: reason=class_check action=maybe_recompile pc=0x0000000104005280 method=com.google.common.cache.LocalCache$Segment.getFirst(I)Lcom/google/common/cache/LocalCache$ReferenceEntry; @ 17
Event: 38.704 Thread 0x00007fb134c2c800 Uncommon trap: reason=unstable_if action=reinterpret pc=0x000000010330f1ec method=com.google.common.collect.MapMakerInternalMap$Segment.put(Ljava/lang/Object;ILjava/lang/Object;Z)Ljava/lang/Object; @ 92
Event: 38.705 Thread 0x00007fb134c2c800 Uncommon trap: reason=class_check action=maybe_recompile pc=0x0000000104005280 method=com.google.common.cache.LocalCache$Segment.getFirst(I)Lcom/google/common/cache/LocalCache$ReferenceEntry; @ 17
Event: 38.705 Thread 0x00007fb134c2c800 Uncommon trap: reason=class_check action=maybe_recompile pc=0x0000000104005280 method=com.google.common.cache.LocalCache$Segment.getFirst(I)Lcom/google/common/cache/LocalCache$ReferenceEntry; @ 17

Internal exceptions (10 events):
Event: 13.602 Thread 0x00007fb134c2c800 Exception <a 'java/lang/NoSuchMethodError': <clinit>> (0x00000007a05d7bb0) thrown at [/Volumes/Android_AOSP/AOSP-openjdk/external/jetbrains/jdk/hotspot/src/share/vm/prims/jni.cpp, line 1613]
Event: 13.980 Thread 0x00007fb133b68000 Exception <a 'java/lang/NoSuchMethodError': <clinit>> (0x00000007a095c788) thrown at [/Volumes/Android_AOSP/AOSP-openjdk/external/jetbrains/jdk/hotspot/src/share/vm/prims/jni.cpp, line 1613]
Event: 13.980 Thread 0x00007fb133b68000 Exception <a 'java/lang/NoSuchMethodError': <clinit>> (0x00000007a095daa0) thrown at [/Volumes/Android_AOSP/AOSP-openjdk/external/jetbrains/jdk/hotspot/src/share/vm/prims/jni.cpp, line 1613]
Event: 13.980 Thread 0x00007fb133b68000 Exception <a 'java/lang/NoSuchMethodError': <clinit>> (0x00000007a09676b0) thrown at [/Volumes/Android_AOSP/AOSP-openjdk/external/jetbrains/jdk/hotspot/src/share/vm/prims/jni.cpp, line 1613]
Event: 13.981 Thread 0x00007fb133b68000 Exception <a 'java/lang/NoSuchMethodError': <clinit>> (0x00000007a09704e0) thrown at [/Volumes/Android_AOSP/AOSP-openjdk/external/jetbrains/jdk/hotspot/src/share/vm/prims/jni.cpp, line 1613]
Event: 13.983 Thread 0x00007fb134418800 Exception <a 'java/lang/NoSuchMethodError': <clinit>> (0x00000007a107d090) thrown at [/Volumes/Android_AOSP/AOSP-openjdk/external/jetbrains/jdk/hotspot/src/share/vm/prims/jni.cpp, line 1613]
Event: 38.579 Thread 0x00007fb134c2c800 Implicit null exception at 0x000000010323f66b to 0x0000000103241335
Event: 38.579 Thread 0x00007fb134c2c800 Implicit null exception at 0x0000000103c03c4f to 0x0000000103c04015
Event: 38.643 Thread 0x00007fb134c2c800 Exception <a 'java/lang/ClassNotFoundException': asLocalRepo329_cdplgwg7rlp3ar8oi7j4e2lj1BeanInfo> (0x00000007a1cc88b8) thrown at [/Volumes/Android_AOSP/AOSP-openjdk/external/jetbrains/jdk/hotspot/src/share/vm/classfile/systemDictionary.cpp, line 210]
Event: 38.643 Thread 0x00007fb134c2c800 Exception <a 'java/lang/ClassNotFoundException': asLocalRepo329_cdplgwg7rlp3ar8oi7j4e2lj1Customizer> (0x00000007a1cd2e10) thrown at [/Volumes/Android_AOSP/AOSP-openjdk/external/jetbrains/jdk/hotspot/src/share/vm/classfile/systemDictionary.cpp, line 210]

Events (10 events):
Event: 39.021 Thread 0x00007fb133824000 flushing nmethod 0x0000000104063110
Event: 39.021 Thread 0x00007fb133824000 flushing nmethod 0x000000010406ea90
Event: 39.021 Thread 0x00007fb133824000 flushing nmethod 0x00000001040a8ed0
Event: 39.021 Thread 0x00007fb133824000 flushing nmethod 0x00000001040b06d0
Event: 39.026 Thread 0x00007fb134c2c800 DEOPT PACKING pc=0x0000000102cddc08 sp=0x0000700006156d50
Event: 39.026 Thread 0x00007fb134c2c800 DEOPT UNPACKING pc=0x0000000102aa3373 sp=0x0000700006156bc0 mode 0
Event: 39.033 Thread 0x00007fb134c2c800 DEOPT PACKING pc=0x00000001042d51ef sp=0x0000700006157910
Event: 39.034 Thread 0x00007fb134c2c800 DEOPT UNPACKING pc=0x0000000102aa3373 sp=0x0000700006157640 mode 0
Event: 39.066 loading class java/util/AbstractList$1
Event: 39.066 loading class java/util/AbstractList$1 done


Dynamic libraries:
0x000000001d47b000 	/System/Library/Frameworks/Cocoa.framework/Versions/A/Cocoa
0x000000001d47b000 	/System/Library/Frameworks/Security.framework/Versions/A/Security
0x000000001d47b000 	/System/Library/Frameworks/ApplicationServices.framework/Versions/A/ApplicationServices
0x000000001d47b000 	/usr/lib/libz.1.dylib
0x000000001d47b000 	/usr/lib/libSystem.B.dylib
0x000000001d47b000 	/usr/lib/libobjc.A.dylib
0x000000001d47b000 	/System/Library/Frameworks/Foundation.framework/Versions/C/Foundation
0x000000001d47b000 	/System/Library/Frameworks/CoreFoundation.framework/Versions/A/CoreFoundation
0x000000001d47b000 	/System/Library/Frameworks/AppKit.framework/Versions/C/AppKit
0x000000001d47b000 	/System/Library/Frameworks/CoreData.framework/Versions/A/CoreData
0x000000001d47b000 	/System/Library/PrivateFrameworks/RemoteViewServices.framework/Versions/A/RemoteViewServices
0x000000001d47b000 	/System/Library/PrivateFrameworks/UIFoundation.framework/Versions/A/UIFoundation
0x000000001d47b000 	/System/Library/PrivateFrameworks/DFRFoundation.framework/Versions/A/DFRFoundation
0x000000001d47b000 	/usr/lib/libenergytrace.dylib
0x000000001d47b000 	/System/Library/PrivateFrameworks/SkyLight.framework/Versions/A/SkyLight
0x000000001d47b000 	/System/Library/Frameworks/CoreGraphics.framework/Versions/A/CoreGraphics
0x000000001d47b000 	/usr/lib/libScreenReader.dylib
0x000000001d47b000 	/System/Library/Frameworks/Accelerate.framework/Versions/A/Accelerate
0x000000001d47b000 	/System/Library/Frameworks/IOSurface.framework/Versions/A/IOSurface
0x000000001d47b000 	/System/Library/Frameworks/AudioToolbox.framework/Versions/A/AudioToolbox
0x000000001d47b000 	/System/Library/Frameworks/AudioUnit.framework/Versions/A/AudioUnit
0x000000001d47b000 	/System/Library/PrivateFrameworks/DataDetectorsCore.framework/Versions/A/DataDetectorsCore
0x000000001d47b000 	/System/Library/PrivateFrameworks/DesktopServicesPriv.framework/Versions/A/DesktopServicesPriv
0x000000001d47b000 	/System/Library/Frameworks/Carbon.framework/Versions/A/Frameworks/HIToolbox.framework/Versions/A/HIToolbox
0x000000001d47b000 	/usr/lib/libicucore.A.dylib
0x000000001d47b000 	/System/Library/Frameworks/QuartzCore.framework/Versions/A/QuartzCore
0x000000001d47b000 	/System/Library/Frameworks/Carbon.framework/Versions/A/Frameworks/SpeechRecognition.framework/Versions/A/SpeechRecognition
0x000000001d47b000 	/usr/lib/libauto.dylib
0x000000001d47b000 	/usr/lib/libxml2.2.dylib
0x000000001d47b000 	/System/Library/PrivateFrameworks/CoreUI.framework/Versions/A/CoreUI
0x000000001d47b000 	/System/Library/Frameworks/CoreAudio.framework/Versions/A/CoreAudio
0x000000001d47b000 	/System/Library/Frameworks/DiskArbitration.framework/Versions/A/DiskArbitration
0x000000001d47b000 	/usr/lib/liblangid.dylib
0x000000001d47b000 	/System/Library/PrivateFrameworks/MultitouchSupport.framework/Versions/A/MultitouchSupport
0x000000001d47b000 	/System/Library/Frameworks/IOKit.framework/Versions/A/IOKit
0x000000001d47b000 	/usr/lib/libDiagnosticMessagesClient.dylib
0x000000001d47b000 	/System/Library/Frameworks/CoreServices.framework/Versions/A/CoreServices
0x000000001d47b000 	/System/Library/PrivateFrameworks/PerformanceAnalysis.framework/Versions/A/PerformanceAnalysis
0x000000001d47b000 	/System/Library/PrivateFrameworks/GenerationalStorage.framework/Versions/A/GenerationalStorage
0x000000001d47b000 	/System/Library/Frameworks/OpenGL.framework/Versions/A/OpenGL
0x000000001d47b000 	/System/Library/Frameworks/CoreImage.framework/Versions/A/CoreImage
0x000000001d47b000 	/System/Library/Frameworks/CoreText.framework/Versions/A/CoreText
0x000000001d47b000 	/System/Library/Frameworks/ImageIO.framework/Versions/A/ImageIO
0x000000001d47b000 	/System/Library/PrivateFrameworks/Backup.framework/Versions/A/Backup
0x000000001d47b000 	/usr/lib/libarchive.2.dylib
0x000000001d47b000 	/System/Library/Frameworks/CFNetwork.framework/Versions/A/CFNetwork
0x000000001d47b000 	/System/Library/Frameworks/SystemConfiguration.framework/Versions/A/SystemConfiguration
0x000000001d47b000 	/usr/lib/libCRFSuite.dylib
0x000000001d47b000 	/usr/lib/libc++.1.dylib
0x000000001d47b000 	/usr/lib/libc++abi.dylib
0x000000001d47b000 	/usr/lib/system/libcache.dylib
0x000000001d47b000 	/usr/lib/system/libcommonCrypto.dylib
0x000000001d47b000 	/usr/lib/system/libcompiler_rt.dylib
0x000000001d47b000 	/usr/lib/system/libcopyfile.dylib
0x000000001d47b000 	/usr/lib/system/libcorecrypto.dylib
0x000000001d47b000 	/usr/lib/system/libdispatch.dylib
0x000000001d47b000 	/usr/lib/system/libdyld.dylib
0x000000001d47b000 	/usr/lib/system/libkeymgr.dylib
0x000000001d47b000 	/usr/lib/system/liblaunch.dylib
0x000000001d47b000 	/usr/lib/system/libmacho.dylib
0x000000001d47b000 	/usr/lib/system/libquarantine.dylib
0x000000001d47b000 	/usr/lib/system/libremovefile.dylib
0x000000001d47b000 	/usr/lib/system/libsystem_asl.dylib
0x000000001d47b000 	/usr/lib/system/libsystem_blocks.dylib
0x000000001d47b000 	/usr/lib/system/libsystem_c.dylib
0x000000001d47b000 	/usr/lib/system/libsystem_configuration.dylib
0x000000001d47b000 	/usr/lib/system/libsystem_coreservices.dylib
0x000000001d47b000 	/usr/lib/system/libsystem_coretls.dylib
0x000000001d47b000 	/usr/lib/system/libsystem_dnssd.dylib
0x000000001d47b000 	/usr/lib/system/libsystem_info.dylib
0x000000001d47b000 	/usr/lib/system/libsystem_kernel.dylib
0x000000001d47b000 	/usr/lib/system/libsystem_m.dylib
0x000000001d47b000 	/usr/lib/system/libsystem_malloc.dylib
0x000000001d47b000 	/usr/lib/system/libsystem_network.dylib
0x000000001d47b000 	/usr/lib/system/libsystem_networkextension.dylib
0x000000001d47b000 	/usr/lib/system/libsystem_notify.dylib
0x000000001d47b000 	/usr/lib/system/libsystem_platform.dylib
0x000000001d47b000 	/usr/lib/system/libsystem_pthread.dylib
0x000000001d47b000 	/usr/lib/system/libsystem_sandbox.dylib
0x000000001d47b000 	/usr/lib/system/libsystem_secinit.dylib
0x000000001d47b000 	/usr/lib/system/libsystem_symptoms.dylib
0x000000001d47b000 	/usr/lib/system/libsystem_trace.dylib
0x000000001d47b000 	/usr/lib/system/libunwind.dylib
0x000000001d47b000 	/usr/lib/system/libxpc.dylib
0x000000001d47b000 	/usr/lib/libbsm.0.dylib
0x000000001d47b000 	/usr/lib/system/libkxld.dylib
0x000000001d47b000 	/usr/lib/libcoretls.dylib
0x000000001d47b000 	/usr/lib/libcoretls_cfhelpers.dylib
0x000000001d47b000 	/usr/lib/libxar.1.dylib
0x000000001d47b000 	/usr/lib/libsqlite3.dylib
0x000000001d47b000 	/usr/lib/libpam.2.dylib
0x000000001d47b000 	/usr/lib/libOpenScriptingUtil.dylib
0x000000001d47b000 	/usr/lib/libbz2.1.0.dylib
0x000000001d47b000 	/usr/lib/liblzma.5.dylib
0x000000001d47b000 	/usr/lib/libnetwork.dylib
0x000000001d47b000 	/usr/lib/libpcap.A.dylib
0x000000001d47b000 	/System/Library/Frameworks/CoreServices.framework/Versions/A/Frameworks/FSEvents.framework/Versions/A/FSEvents
0x000000001d47b000 	/System/Library/Frameworks/CoreServices.framework/Versions/A/Frameworks/CarbonCore.framework/Versions/A/CarbonCore
0x000000001d47b000 	/System/Library/Frameworks/CoreServices.framework/Versions/A/Frameworks/Metadata.framework/Versions/A/Metadata
0x000000001d47b000 	/System/Library/Frameworks/CoreServices.framework/Versions/A/Frameworks/OSServices.framework/Versions/A/OSServices
0x000000001d47b000 	/System/Library/Frameworks/CoreServices.framework/Versions/A/Frameworks/SearchKit.framework/Versions/A/SearchKit
0x000000001d47b000 	/System/Library/Frameworks/CoreServices.framework/Versions/A/Frameworks/AE.framework/Versions/A/AE
0x000000001d47b000 	/System/Library/Frameworks/CoreServices.framework/Versions/A/Frameworks/LaunchServices.framework/Versions/A/LaunchServices
0x000000001d47b000 	/System/Library/Frameworks/CoreServices.framework/Versions/A/Frameworks/DictionaryServices.framework/Versions/A/DictionaryServices
0x000000001d47b000 	/System/Library/Frameworks/CoreServices.framework/Versions/A/Frameworks/SharedFileList.framework/Versions/A/SharedFileList
0x000000001d47b000 	/System/Library/Frameworks/NetFS.framework/Versions/A/NetFS
0x000000001d47b000 	/System/Library/PrivateFrameworks/NetAuth.framework/Versions/A/NetAuth
0x000000001d47b000 	/System/Library/PrivateFrameworks/login.framework/Versions/A/Frameworks/loginsupport.framework/Versions/A/loginsupport
0x000000001d47b000 	/System/Library/PrivateFrameworks/TCC.framework/Versions/A/TCC
0x000000001d47b000 	/usr/lib/libmecabra.dylib
0x000000001d47b000 	/System/Library/Frameworks/ApplicationServices.framework/Versions/A/Frameworks/ATS.framework/Versions/A/ATS
0x000000001d47b000 	/System/Library/Frameworks/ApplicationServices.framework/Versions/A/Frameworks/ColorSync.framework/Versions/A/ColorSync
0x000000001d47b000 	/System/Library/Frameworks/ApplicationServices.framework/Versions/A/Frameworks/HIServices.framework/Versions/A/HIServices
0x000000001d47b000 	/System/Library/Frameworks/ApplicationServices.framework/Versions/A/Frameworks/LangAnalysis.framework/Versions/A/LangAnalysis
0x000000001d47b000 	/System/Library/Frameworks/ApplicationServices.framework/Versions/A/Frameworks/PrintCore.framework/Versions/A/PrintCore
0x000000001d47b000 	/System/Library/Frameworks/ApplicationServices.framework/Versions/A/Frameworks/QD.framework/Versions/A/QD
0x000000001d47b000 	/System/Library/Frameworks/ApplicationServices.framework/Versions/A/Frameworks/SpeechSynthesis.framework/Versions/A/SpeechSynthesis
0x000000001d47b000 	/System/Library/Frameworks/Accelerate.framework/Versions/A/Frameworks/vImage.framework/Versions/A/vImage
0x000000001d47b000 	/System/Library/Frameworks/Accelerate.framework/Versions/A/Frameworks/vecLib.framework/Versions/A/vecLib
0x000000001d47b000 	/System/Library/Frameworks/Accelerate.framework/Versions/A/Frameworks/vecLib.framework/Versions/A/libvDSP.dylib
0x000000001d47b000 	/System/Library/Frameworks/Accelerate.framework/Versions/A/Frameworks/vecLib.framework/Versions/A/libBNNS.dylib
0x000000001d47b000 	/System/Library/Frameworks/Accelerate.framework/Versions/A/Frameworks/vecLib.framework/Versions/A/libQuadrature.dylib
0x000000001d47b000 	/System/Library/Frameworks/Accelerate.framework/Versions/A/Frameworks/vecLib.framework/Versions/A/libvMisc.dylib
0x000000001d47b000 	/System/Library/Frameworks/Accelerate.framework/Versions/A/Frameworks/vecLib.framework/Versions/A/libLAPACK.dylib
0x000000001d47b000 	/System/Library/Frameworks/Accelerate.framework/Versions/A/Frameworks/vecLib.framework/Versions/A/libBLAS.dylib
0x000000001d47b000 	/System/Library/Frameworks/Accelerate.framework/Versions/A/Frameworks/vecLib.framework/Versions/A/libLinearAlgebra.dylib
0x000000001d47b000 	/System/Library/Frameworks/Accelerate.framework/Versions/A/Frameworks/vecLib.framework/Versions/A/libSparseBLAS.dylib
0x000000001d47b000 	/System/Library/Frameworks/ApplicationServices.framework/Versions/A/Frameworks/ATS.framework/Versions/A/Resources/libFontParser.dylib
0x000000001d47b000 	/System/Library/Frameworks/ApplicationServices.framework/Versions/A/Frameworks/ATS.framework/Versions/A/Resources/libFontRegistry.dylib
0x000000001d47b000 	/System/Library/Frameworks/ImageIO.framework/Versions/A/Resources/libJPEG.dylib
0x000000001d47b000 	/System/Library/Frameworks/ImageIO.framework/Versions/A/Resources/libTIFF.dylib
0x000000001d47b000 	/System/Library/Frameworks/ImageIO.framework/Versions/A/Resources/libPng.dylib
0x000000001d47b000 	/System/Library/Frameworks/ImageIO.framework/Versions/A/Resources/libGIF.dylib
0x000000001d47b000 	/System/Library/Frameworks/ImageIO.framework/Versions/A/Resources/libJP2.dylib
0x000000001d47b000 	/System/Library/Frameworks/ImageIO.framework/Versions/A/Resources/libRadiance.dylib
0x000000001d47b000 	/usr/lib/libcompression.dylib
0x000000001d47b000 	/System/Library/PrivateFrameworks/AppleJPEG.framework/Versions/A/AppleJPEG
0x000000001d47b000 	/usr/lib/libcups.2.dylib
0x000000001d47b000 	/System/Library/Frameworks/Kerberos.framework/Versions/A/Kerberos
0x000000001d47b000 	/System/Library/Frameworks/GSS.framework/Versions/A/GSS
0x000000001d47b000 	/usr/lib/libresolv.9.dylib
0x000000001d47b000 	/usr/lib/libiconv.2.dylib
0x000000001d47b000 	/System/Library/PrivateFrameworks/Heimdal.framework/Versions/A/Heimdal
0x000000001d47b000 	/usr/lib/libheimdal-asn1.dylib
0x000000001d47b000 	/System/Library/Frameworks/OpenDirectory.framework/Versions/A/OpenDirectory
0x000000001d47b000 	/System/Library/PrivateFrameworks/CommonAuth.framework/Versions/A/CommonAuth
0x000000001d47b000 	/System/Library/Frameworks/OpenDirectory.framework/Versions/A/Frameworks/CFOpenDirectory.framework/Versions/A/CFOpenDirectory
0x000000001d47b000 	/System/Library/Frameworks/SecurityFoundation.framework/Versions/A/SecurityFoundation
0x000000001d47b000 	/System/Library/PrivateFrameworks/LanguageModeling.framework/Versions/A/LanguageModeling
0x000000001d47b000 	/usr/lib/libmarisa.dylib
0x000000001d47b000 	/usr/lib/libChineseTokenizer.dylib
0x000000001d47b000 	/usr/lib/libcmph.dylib
0x000000001d47b000 	/System/Library/PrivateFrameworks/CoreEmoji.framework/Versions/A/CoreEmoji
0x000000001d47b000 	/System/Library/Frameworks/ServiceManagement.framework/Versions/A/ServiceManagement
0x000000001d47b000 	/usr/lib/libxslt.1.dylib
0x000000001d47b000 	/System/Library/Frameworks/Carbon.framework/Versions/A/Frameworks/Ink.framework/Versions/A/Ink
0x000000001d47b000 	/System/Library/PrivateFrameworks/TextureIO.framework/Versions/A/TextureIO
0x000000001d47b000 	/System/Library/Frameworks/Metal.framework/Versions/A/Metal
0x000000001d47b000 	/usr/lib/libate.dylib
0x000000001d47b000 	/System/Library/PrivateFrameworks/GPUCompiler.framework/libmetal_timestamp.dylib
0x000000001d47b000 	/System/Library/Frameworks/OpenGL.framework/Versions/A/Libraries/libCoreFSCache.dylib
0x000000001d47b000 	/System/Library/PrivateFrameworks/IOAccelerator.framework/Versions/A/IOAccelerator
0x000000001d47b000 	/System/Library/Frameworks/CoreVideo.framework/Versions/A/CoreVideo
0x000000001d47b000 	/usr/lib/libFosl_dynamic.dylib
0x000000001d47b000 	/System/Library/PrivateFrameworks/MetalPerformanceShaders.framework/Versions/A/MetalPerformanceShaders
0x000000001d47b000 	/System/Library/PrivateFrameworks/FaceCore.framework/Versions/A/FaceCore
0x000000001d47b000 	/System/Library/Frameworks/OpenCL.framework/Versions/A/OpenCL
0x000000001d47b000 	/System/Library/Frameworks/OpenGL.framework/Versions/A/Libraries/libGLU.dylib
0x000000001d47b000 	/System/Library/Frameworks/OpenGL.framework/Versions/A/Libraries/libGFXShared.dylib
0x000000001d47b000 	/System/Library/Frameworks/OpenGL.framework/Versions/A/Libraries/libGL.dylib
0x000000001d47b000 	/System/Library/Frameworks/OpenGL.framework/Versions/A/Libraries/libGLImage.dylib
0x000000001d47b000 	/System/Library/Frameworks/OpenGL.framework/Versions/A/Libraries/libCVMSPluginSupport.dylib
0x000000001d47b000 	/System/Library/Frameworks/OpenGL.framework/Versions/A/Libraries/libCoreVMClient.dylib
0x000000001d47b000 	/System/Library/PrivateFrameworks/CrashReporterSupport.framework/Versions/A/CrashReporterSupport
0x000000001d47b000 	/System/Library/PrivateFrameworks/Sharing.framework/Versions/A/Sharing
0x000000001d47b000 	/System/Library/PrivateFrameworks/IconServices.framework/Versions/A/IconServices
0x000000001d47b000 	/System/Library/PrivateFrameworks/ProtocolBuffer.framework/Versions/A/ProtocolBuffer
0x000000001d47b000 	/System/Library/PrivateFrameworks/Apple80211.framework/Versions/A/Apple80211
0x000000001d47b000 	/System/Library/Frameworks/CoreWLAN.framework/Versions/A/CoreWLAN
0x000000001d47b000 	/System/Library/PrivateFrameworks/CoreUtils.framework/Versions/A/CoreUtils
0x000000001d47b000 	/System/Library/Frameworks/IOBluetooth.framework/Versions/A/IOBluetooth
0x000000001d47b000 	/System/Library/PrivateFrameworks/CoreWiFi.framework/Versions/A/CoreWiFi
0x000000001d47b000 	/System/Library/Frameworks/CoreBluetooth.framework/Versions/A/CoreBluetooth
0x000000001d47b000 	/System/Library/Frameworks/CoreDisplay.framework/Versions/A/CoreDisplay
0x000000001d47b000 	/System/Library/PrivateFrameworks/IOPresentment.framework/Versions/A/IOPresentment
0x000000001d47b000 	/System/Library/PrivateFrameworks/DebugSymbols.framework/Versions/A/DebugSymbols
0x000000001d47b000 	/System/Library/PrivateFrameworks/CoreSymbolication.framework/Versions/A/CoreSymbolication
0x000000001d47b000 	/System/Library/PrivateFrameworks/Symbolication.framework/Versions/A/Symbolication
0x000000001d47b000 	/System/Library/PrivateFrameworks/AppleFSCompression.framework/Versions/A/AppleFSCompression
0x000000001d47b000 	/System/Library/PrivateFrameworks/SpeechRecognitionCore.framework/Versions/A/SpeechRecognitionCore
0x000000001d47b000 	/System/Library/PrivateFrameworks/ChunkingLibrary.framework/Versions/A/ChunkingLibrary
0x0000000101200000 	/Applications/Android Studio.app/Contents/jre/jdk/Contents/Home/jre/lib/server/libjvm.dylib
0x000000001d47b000 	/usr/lib/libstdc++.6.dylib
0x0000000100144000 	/Applications/Android Studio.app/Contents/jre/jdk/Contents/Home/jre/lib/libverify.dylib
0x0000000100151000 	/Applications/Android Studio.app/Contents/jre/jdk/Contents/Home/jre/lib/libjava.dylib
0x0000000100190000 	/Applications/Android Studio.app/Contents/jre/jdk/Contents/Home/jre/lib/libzip.dylib
0x0000000117047000 	/System/Library/Frameworks/JavaVM.framework/Frameworks/JavaRuntimeSupport.framework/JavaRuntimeSupport
0x0000000117061000 	/System/Library/Frameworks/JavaVM.framework/Versions/A/Frameworks/JavaNativeFoundation.framework/Versions/A/JavaNativeFoundation
0x0000000117076000 	/System/Library/Frameworks/JavaVM.framework/Versions/A/JavaVM
0x000000001d47b000 	/System/Library/Frameworks/Carbon.framework/Versions/A/Carbon
0x0000000117083000 	/System/Library/PrivateFrameworks/JavaLaunching.framework/Versions/A/JavaLaunching
0x000000001d47b000 	/System/Library/Frameworks/Carbon.framework/Versions/A/Frameworks/CommonPanels.framework/Versions/A/CommonPanels
0x000000001d47b000 	/System/Library/Frameworks/Carbon.framework/Versions/A/Frameworks/Help.framework/Versions/A/Help
0x000000001d47b000 	/System/Library/Frameworks/Carbon.framework/Versions/A/Frameworks/ImageCapture.framework/Versions/A/ImageCapture
0x000000001d47b000 	/System/Library/Frameworks/Carbon.framework/Versions/A/Frameworks/OpenScripting.framework/Versions/A/OpenScripting
0x000000001d47b000 	/System/Library/Frameworks/Carbon.framework/Versions/A/Frameworks/Print.framework/Versions/A/Print
0x000000001d47b000 	/System/Library/Frameworks/Carbon.framework/Versions/A/Frameworks/SecurityHI.framework/Versions/A/SecurityHI
0x0000000118ce8000 	/Applications/Android Studio.app/Contents/jre/jdk/Contents/Home/jre/lib/libnet.dylib
0x0000000118d49000 	/Applications/Android Studio.app/Contents/jre/jdk/Contents/Home/jre/lib/libnio.dylib
0x0000000118d59000 	/Users/ryansoltes/.gradle/native/19/osx-amd64/libnative-platform.dylib
0x00000001191f0000 	/Applications/Android Studio.app/Contents/jre/jdk/Contents/Home/jre/lib/libmanagement.dylib

VM Arguments:
jvm_args: -Xmx1536m -Dfile.encoding=UTF-8 -Duser.country=US -Duser.language=en -Duser.variant 
java_command: org.gradle.launcher.daemon.bootstrap.GradleDaemon 2.14.1
java_class_path (initial): /Applications/Android Studio.app/Contents/gradle/gradle-2.14.1/lib/gradle-launcher-2.14.1.jar
Launcher Type: SUN_STANDARD

Environment Variables:
PATH=/usr/bin:/bin:/usr/sbin:/sbin
SHELL=/bin/bash

Signal Handlers:
SIGSEGV: [libjvm.dylib+0x57e9cd], sa_mask[0]=11111111011111110111111111111111, sa_flags=SA_ONSTACK|SA_RESTART|SA_SIGINFO
SIGBUS: [libjvm.dylib+0x57e9cd], sa_mask[0]=11111111011111110111111111111111, sa_flags=SA_RESTART|SA_SIGINFO
SIGFPE: [libjvm.dylib+0x45951c], sa_mask[0]=11111111011111110111111111111111, sa_flags=SA_RESTART|SA_SIGINFO
SIGPIPE: [libjvm.dylib+0x45951c], sa_mask[0]=11111111011111110111111111111111, sa_flags=SA_RESTART|SA_SIGINFO
SIGXFSZ: [libjvm.dylib+0x45951c], sa_mask[0]=11111111011111110111111111111111, sa_flags=SA_RESTART|SA_SIGINFO
SIGILL: [libjvm.dylib+0x45951c], sa_mask[0]=11111111011111110111111111111111, sa_flags=SA_RESTART|SA_SIGINFO
SIGUSR1: SIG_DFL, sa_mask[0]=00000000000000000000000000000000, sa_flags=none
SIGUSR2: [libjvm.dylib+0x45903a], sa_mask[0]=00100000000000000000000000000000, sa_flags=SA_RESTART|SA_SIGINFO
SIGHUP: [libjvm.dylib+0x457611], sa_mask[0]=11111111011111110111111111111111, sa_flags=SA_RESTART|SA_SIGINFO
SIGINT: [libjvm.dylib+0x457611], sa_mask[0]=11111111011111110111111111111111, sa_flags=SA_RESTART|SA_SIGINFO
SIGTERM: [libjvm.dylib+0x457611], sa_mask[0]=11111111011111110111111111111111, sa_flags=SA_RESTART|SA_SIGINFO
SIGQUIT: [libjvm.dylib+0x457611], sa_mask[0]=11111111011111110111111111111111, sa_flags=SA_RESTART|SA_SIGINFO


---------------  S Y S T E M  ---------------

OS:Bsduname:Darwin 16.3.0 Darwin Kernel Version 16.3.0: Thu Nov 17 20:23:58 PST 2016; root:xnu-3789.31.2~1/RELEASE_X86_64 x86_64
rlimit: STACK 8192k, CORE 0k, NPROC 709, NOFILE 10240, AS infinity
load average:1.83 4.74 4.40

CPU:total 8 (4 cores per cpu, 2 threads per core) family 6 model 58 stepping 9, cmov, cx8, fxsr, mmx, sse, sse2, sse3, ssse3, sse4.1, sse4.2, popcnt, avx, aes, clmul, erms, ht, tsc, tscinvbit, tscinv

Memory: 4k page, physical 16777216k(258808k free)

/proc/meminfo:


vm_info: OpenJDK 64-Bit Server VM (25.112-b05) for bsd-amd64 JRE (1.8.0_112-release-b05), built on Sep 26 2016 14:04:06 by "builder" with gcc 4.2.1 (Based on Apple Inc. build 5658) (LLVM build 2336.11.00)

time: Mon Feb  6 15:27:20 2017
elapsed time: 39 seconds (0d 0h 0m 39s)

